[debug] [2020-10-19T04:54:27.812Z] ----------------------------------------------------------------------
[debug] [2020-10-19T04:54:27.815Z] Command:       C:\Program Files\nodejs\node.exe C:\Users\HRT\AppData\Roaming\npm\node_modules\firebase-tools\lib\bin\firebase.js init
[debug] [2020-10-19T04:54:27.815Z] CLI Version:   8.12.1
[debug] [2020-10-19T04:54:27.815Z] Platform:      win32
[debug] [2020-10-19T04:54:27.815Z] Node Version:  v12.13.0
[debug] [2020-10-19T04:54:27.817Z] Time:          Mon Oct 19 2020 00:54:27 GMT-0400 (GMT-04:00)
[debug] [2020-10-19T04:54:27.817Z] ----------------------------------------------------------------------
[debug] [2020-10-19T04:54:27.818Z] 
[debug] [2020-10-19T04:54:27.826Z] > command requires scopes: ["email","openid","https://www.googleapis.com/auth/cloudplatformprojects.readonly","https://www.googleapis.com/auth/firebase","https://www.googleapis.com/auth/cloud-platform"]
[debug] [2020-10-19T04:54:27.827Z] > authorizing via signed-in user
[info] 
     ######## #### ########  ######## ########     ###     ######  ########
     ##        ##  ##     ## ##       ##     ##  ##   ##  ##       ##
     ######    ##  ########  ######   ########  #########  ######  ######
     ##        ##  ##    ##  ##       ##     ## ##     ##       ## ##
     ##       #### ##     ## ######## ########  ##     ##  ######  ########

You're about to initialize a Firebase project in this directory:

  D:\shuai-website

[info] 
=== Project Setup
[info] 
[info] First, let's associate this project directory with a Firebase project.
[info] You can create multiple project aliases by running firebase use --add, 
[info] but for now we'll just set up a default project.
[info] 
[debug] [2020-10-19T04:54:36.256Z] >>> HTTP REQUEST GET https://firebase.googleapis.com/v1beta1/projects?pageSize=100  
 
[debug] [2020-10-19T04:54:36.495Z] <<< HTTP RESPONSE 200 {"content-type":"application/json; charset=UTF-8","vary":"X-Origin, Referer, Origin,Accept-Encoding","date":"Mon, 19 Oct 2020 04:54:36 GMT","server":"ESF","cache-control":"private","x-xss-protection":"0","x-frame-options":"SAMEORIGIN","x-content-type-options":"nosniff","alt-svc":"h3-Q050=\":443\"; ma=2592000,h3-29=\":443\"; ma=2592000,h3-27=\":443\"; ma=2592000,h3-T051=\":443\"; ma=2592000,h3-T050=\":443\"; ma=2592000,h3-Q046=\":443\"; ma=2592000,h3-Q043=\":443\"; ma=2592000,quic=\":443\"; ma=2592000; v=\"46,43\"","accept-ranges":"none","transfer-encoding":"chunked"}
[info] i  Using project shuaihao-personal-website (shuaihao-personal-website) 
[info] 
=== Hosting Setup
[info] 
[info] Your public directory is the folder (relative to your project directory) that
[info] will contain Hosting assets to be uploaded with firebase deploy. If you
[info] have a build process for your assets, use your build's output directory.
[info] 
[debug] [2020-10-19T04:54:47.401Z] >>> HTTP REQUEST GET https://www.gstatic.com/firebasejs/releases.json  
 
[debug] [2020-10-19T04:54:47.500Z] <<< HTTP RESPONSE 200 {"accept-ranges":"bytes","vary":"Accept-Encoding, Origin","content-type":"application/json","content-length":"1429","date":"Mon, 19 Oct 2020 04:51:31 GMT","expires":"Mon, 19 Oct 2020 05:41:31 GMT","last-modified":"Thu, 15 Oct 2020 21:32:42 GMT","x-content-type-options":"nosniff","server":"sffe","x-xss-protection":"0","cache-control":"public, max-age=3000","age":"196","alt-svc":"h3-Q050=\":443\"; ma=2592000,h3-29=\":443\"; ma=2592000,h3-27=\":443\"; ma=2592000,h3-T051=\":443\"; ma=2592000,h3-T050=\":443\"; ma=2592000,h3-Q046=\":443\"; ma=2592000,h3-Q043=\":443\"; ma=2592000,quic=\":443\"; ma=2592000; v=\"46,43\""}
[info] +  Wrote build/index.html 
[info] 
[info] i  Detected a .git folder at D:\shuai-website 
[info] i  Authorizing with GitHub to upload your service account to a GitHub repository's secrets store. 
[info] 
[info] Visit this URL on this device to log in:
[info] https://github.com/login/oauth/authorize?client_id=89cf50f02ac6aaed3484&state=466082057&redirect_uri=http%3A%2F%2Flocalhost%3A9005&scope=read%3Auser%20repo%20public_repo
[info] 
[info] Waiting for authentication...
[debug] [2020-10-19T04:54:55.064Z] >>> HTTP REQUEST POST https://github.com/login/oauth/access_token  
 {"client_id":"89cf50f02ac6aaed3484","client_secret":"3330d14abc895d9a74d5f17cd7a00711fa2c5bf0","code":"280f30e5c939166ff915","redirect_uri":"http://localhost:9005","state":"466082057"}
[debug] [2020-10-19T04:54:55.324Z] <<< HTTP RESPONSE 200 {"server":"GitHub.com","date":"Mon, 19 Oct 2020 04:54:55 GMT","content-type":"application/json; charset=utf-8","transfer-encoding":"chunked","status":"200 OK","vary":"X-PJAX, Accept-Encoding, Accept, X-Requested-With","etag":"W/\"c676dc2761c0b330c9daf21e7f377e0d\"","cache-control":"max-age=0, private, must-revalidate","strict-transport-security":"max-age=31536000; includeSubdomains; preload","x-frame-options":"deny","x-content-type-options":"nosniff","x-xss-protection":"1; mode=block","referrer-policy":"origin-when-cross-origin, strict-origin-when-cross-origin","expect-ct":"max-age=2592000, report-uri=\"https://api.github.com/_private/browser/errors\"","content-security-policy":"default-src 'none'; base-uri 'self'; block-all-mixed-content; connect-src 'self' uploads.github.com www.githubstatus.com collector.githubapp.com api.github.com www.google-analytics.com github-cloud.s3.amazonaws.com github-production-repository-file-5c1aeb.s3.amazonaws.com github-production-upload-manifest-file-7fdce7.s3.amazonaws.com github-production-user-asset-6210df.s3.amazonaws.com cdn.optimizely.com logx.optimizely.com/v1/events wss://alive.github.com; font-src github.githubassets.com; form-action 'self' github.com gist.github.com; frame-ancestors 'none'; frame-src render.githubusercontent.com; img-src 'self' data: github.githubassets.com identicons.github.com collector.githubapp.com github-cloud.s3.amazonaws.com *.githubusercontent.com; manifest-src 'self'; media-src 'none'; script-src github.githubassets.com; style-src 'unsafe-inline' github.githubassets.com; worker-src github.com/socket-worker.js gist.github.com/socket-worker.js","x-github-request-id":"CDCE:0A9A:1F27C46:2D707B5:5F8D1C1E"}
[debug] [2020-10-19T04:54:55.325Z] >>> HTTP REQUEST GET https://api.github.com/user  
 
[debug] [2020-10-19T04:54:55.552Z] <<< HTTP RESPONSE 200 {"server":"GitHub.com","date":"Mon, 19 Oct 2020 04:54:55 GMT","content-type":"application/json; charset=utf-8","content-length":"1516","status":"200 OK","cache-control":"private, max-age=60, s-maxage=60","vary":"Accept, Authorization, Cookie, X-GitHub-OTP, Accept-Encoding, Accept, X-Requested-With","etag":"\"cb857d729fd93df090ccf16c03af09a40ab7b56c448d3b73fa1a7607452ab1ad\"","last-modified":"Mon, 19 Oct 2020 04:52:33 GMT","x-oauth-scopes":"read:user, repo","x-accepted-oauth-scopes":"","x-oauth-client-id":"89cf50f02ac6aaed3484","x-github-media-type":"github.v3","x-ratelimit-limit":"5000","x-ratelimit-remaining":"4999","x-ratelimit-reset":"1603086895","x-ratelimit-used":"1","access-control-expose-headers":"ETag, Link, Location, Retry-After, X-GitHub-OTP, X-RateLimit-Limit, X-RateLimit-Remaining, X-RateLimit-Used, X-RateLimit-Reset, X-OAuth-Scopes, X-Accepted-OAuth-Scopes, X-Poll-Interval, X-GitHub-Media-Type, Deprecation, Sunset","access-control-allow-origin":"*","strict-transport-security":"max-age=31536000; includeSubdomains; preload","x-frame-options":"deny","x-content-type-options":"nosniff","x-xss-protection":"1; mode=block","referrer-policy":"origin-when-cross-origin, strict-origin-when-cross-origin","content-security-policy":"default-src 'none'","x-github-request-id":"CDCF:70D8:A1BE5E:193CB6C:5F8D1C1F"}
[info] 
[info] +  Success! Logged into GitHub as haoshuai999 
[info] 
[debug] [2020-10-19T04:56:06.201Z] >>> HTTP REQUEST GET https://api.github.com/repos/new-personal-website/actions/secrets/public-key?type=owner  
 
[debug] [2020-10-19T04:56:06.471Z] <<< HTTP RESPONSE 404 {"server":"GitHub.com","date":"Mon, 19 Oct 2020 04:56:06 GMT","content-type":"application/json; charset=utf-8","content-length":"74","status":"404 Not Found","x-oauth-scopes":"read:user, repo","x-accepted-oauth-scopes":"repo","x-oauth-client-id":"89cf50f02ac6aaed3484","x-github-media-type":"github.v3","x-ratelimit-limit":"5000","x-ratelimit-remaining":"4998","x-ratelimit-reset":"1603086895","x-ratelimit-used":"2","access-control-expose-headers":"ETag, Link, Location, Retry-After, X-GitHub-OTP, X-RateLimit-Limit, X-RateLimit-Remaining, X-RateLimit-Used, X-RateLimit-Reset, X-OAuth-Scopes, X-Accepted-OAuth-Scopes, X-Poll-Interval, X-GitHub-Media-Type, Deprecation, Sunset","access-control-allow-origin":"*","strict-transport-security":"max-age=31536000; includeSubdomains; preload","x-frame-options":"deny","x-content-type-options":"nosniff","x-xss-protection":"1; mode=block","referrer-policy":"origin-when-cross-origin, strict-origin-when-cross-origin","content-security-policy":"default-src 'none'","vary":"Accept-Encoding, Accept, X-Requested-With","x-github-request-id":"CDDD:5A0A:119DEF1:275A528:5F8D1C66"}
[debug] [2020-10-19T04:56:06.472Z] <<< HTTP RESPONSE BODY Not Found {"message":"Not Found","documentation_url":"https://docs.github.com/rest"}
[debug] [2020-10-19T04:56:31.474Z] >>> HTTP REQUEST GET https://api.github.com/repos/new-personal-website/actions/secrets/public-key?type=owner  
 
[debug] [2020-10-19T04:56:31.774Z] <<< HTTP RESPONSE 404 {"server":"GitHub.com","date":"Mon, 19 Oct 2020 04:56:31 GMT","content-type":"application/json; charset=utf-8","content-length":"74","status":"404 Not Found","x-oauth-scopes":"read:user, repo","x-accepted-oauth-scopes":"repo","x-oauth-client-id":"89cf50f02ac6aaed3484","x-github-media-type":"github.v3","x-ratelimit-limit":"5000","x-ratelimit-remaining":"4997","x-ratelimit-reset":"1603086895","x-ratelimit-used":"3","access-control-expose-headers":"ETag, Link, Location, Retry-After, X-GitHub-OTP, X-RateLimit-Limit, X-RateLimit-Remaining, X-RateLimit-Used, X-RateLimit-Reset, X-OAuth-Scopes, X-Accepted-OAuth-Scopes, X-Poll-Interval, X-GitHub-Media-Type, Deprecation, Sunset","access-control-allow-origin":"*","strict-transport-security":"max-age=31536000; includeSubdomains; preload","x-frame-options":"deny","x-content-type-options":"nosniff","x-xss-protection":"1; mode=block","referrer-policy":"origin-when-cross-origin, strict-origin-when-cross-origin","content-security-policy":"default-src 'none'","vary":"Accept-Encoding, Accept, X-Requested-With","x-github-request-id":"CDE0:4228:73ACE1:12F9BF0:5F8D1C7F"}
[debug] [2020-10-19T04:56:31.774Z] <<< HTTP RESPONSE BODY Not Found {"message":"Not Found","documentation_url":"https://docs.github.com/rest"}
[debug] [2020-10-19T04:57:49.918Z] >>> HTTP REQUEST GET https://api.github.com/repos//actions/secrets/public-key?type=owner  
 
[debug] [2020-10-19T04:57:50.076Z] <<< HTTP RESPONSE 404 {"server":"GitHub.com","date":"Mon, 19 Oct 2020 04:57:49 GMT","content-type":"application/json; charset=utf-8","content-length":"74","status":"404 Not Found","x-oauth-scopes":"read:user, repo","x-accepted-oauth-scopes":"repo","x-oauth-client-id":"89cf50f02ac6aaed3484","x-github-media-type":"github.v3","x-ratelimit-limit":"5000","x-ratelimit-remaining":"4996","x-ratelimit-reset":"1603086895","x-ratelimit-used":"4","access-control-expose-headers":"ETag, Link, Location, Retry-After, X-GitHub-OTP, X-RateLimit-Limit, X-RateLimit-Remaining, X-RateLimit-Used, X-RateLimit-Reset, X-OAuth-Scopes, X-Accepted-OAuth-Scopes, X-Poll-Interval, X-GitHub-Media-Type, Deprecation, Sunset","access-control-allow-origin":"*","strict-transport-security":"max-age=31536000; includeSubdomains; preload","x-frame-options":"deny","x-content-type-options":"nosniff","x-xss-protection":"1; mode=block","referrer-policy":"origin-when-cross-origin, strict-origin-when-cross-origin","content-security-policy":"default-src 'none'","vary":"Accept-Encoding, Accept, X-Requested-With","x-github-request-id":"CDF0:2203:B04E49:1A68AA8:5F8D1CCD"}
[debug] [2020-10-19T04:57:50.076Z] <<< HTTP RESPONSE BODY Not Found {"message":"Not Found","documentation_url":"https://docs.github.com/rest"}
[debug] [2020-10-19T04:57:58.084Z] >>> HTTP REQUEST GET https://api.github.com/repos/new-personal-website/actions/secrets/public-key?type=owner  
 
[debug] [2020-10-19T04:57:58.206Z] <<< HTTP RESPONSE 404 {"server":"GitHub.com","date":"Mon, 19 Oct 2020 04:57:58 GMT","content-type":"application/json; charset=utf-8","content-length":"74","status":"404 Not Found","x-oauth-scopes":"read:user, repo","x-accepted-oauth-scopes":"repo","x-oauth-client-id":"89cf50f02ac6aaed3484","x-github-media-type":"github.v3","x-ratelimit-limit":"5000","x-ratelimit-remaining":"4995","x-ratelimit-reset":"1603086895","x-ratelimit-used":"5","access-control-expose-headers":"ETag, Link, Location, Retry-After, X-GitHub-OTP, X-RateLimit-Limit, X-RateLimit-Remaining, X-RateLimit-Used, X-RateLimit-Reset, X-OAuth-Scopes, X-Accepted-OAuth-Scopes, X-Poll-Interval, X-GitHub-Media-Type, Deprecation, Sunset","access-control-allow-origin":"*","strict-transport-security":"max-age=31536000; includeSubdomains; preload","x-frame-options":"deny","x-content-type-options":"nosniff","x-xss-protection":"1; mode=block","referrer-policy":"origin-when-cross-origin, strict-origin-when-cross-origin","content-security-policy":"default-src 'none'","vary":"Accept-Encoding, Accept, X-Requested-With","x-github-request-id":"CDF1:5D13:22A9030:3AFD24C:5F8D1CD5"}
[debug] [2020-10-19T04:57:58.207Z] <<< HTTP RESPONSE BODY Not Found {"message":"Not Found","documentation_url":"https://docs.github.com/rest"}
[debug] [2020-10-19T04:58:21.254Z] >>> HTTP REQUEST GET https://api.github.com/repos/github.com/haoshuai999/new-personal-website/actions/secrets/public-key?type=owner  
 
[debug] [2020-10-19T04:58:21.385Z] <<< HTTP RESPONSE 404 {"server":"GitHub.com","date":"Mon, 19 Oct 2020 04:58:21 GMT","content-type":"application/json; charset=utf-8","content-length":"74","status":"404 Not Found","x-oauth-scopes":"read:user, repo","x-accepted-oauth-scopes":"repo","x-oauth-client-id":"89cf50f02ac6aaed3484","x-github-media-type":"github.v3","x-ratelimit-limit":"5000","x-ratelimit-remaining":"4994","x-ratelimit-reset":"1603086895","x-ratelimit-used":"6","access-control-expose-headers":"ETag, Link, Location, Retry-After, X-GitHub-OTP, X-RateLimit-Limit, X-RateLimit-Remaining, X-RateLimit-Used, X-RateLimit-Reset, X-OAuth-Scopes, X-Accepted-OAuth-Scopes, X-Poll-Interval, X-GitHub-Media-Type, Deprecation, Sunset","access-control-allow-origin":"*","strict-transport-security":"max-age=31536000; includeSubdomains; preload","x-frame-options":"deny","x-content-type-options":"nosniff","x-xss-protection":"1; mode=block","referrer-policy":"origin-when-cross-origin, strict-origin-when-cross-origin","content-security-policy":"default-src 'none'","vary":"Accept-Encoding, Accept, X-Requested-With","x-github-request-id":"CDF2:0AB6:2376E9D:3ACBA61:5F8D1CED"}
[debug] [2020-10-19T04:58:21.385Z] <<< HTTP RESPONSE BODY Not Found {"message":"Not Found","documentation_url":"https://docs.github.com/rest"}
[debug] [2020-10-19T04:58:34.786Z] >>> HTTP REQUEST GET https://api.github.com/repos/Rdata/actions/secrets/public-key?type=owner  
 
[debug] [2020-10-19T04:58:34.935Z] <<< HTTP RESPONSE 404 {"server":"GitHub.com","date":"Mon, 19 Oct 2020 04:58:34 GMT","content-type":"application/json; charset=utf-8","content-length":"74","status":"404 Not Found","x-oauth-scopes":"read:user, repo","x-accepted-oauth-scopes":"repo","x-oauth-client-id":"89cf50f02ac6aaed3484","x-github-media-type":"github.v3","x-ratelimit-limit":"5000","x-ratelimit-remaining":"4993","x-ratelimit-reset":"1603086895","x-ratelimit-used":"7","access-control-expose-headers":"ETag, Link, Location, Retry-After, X-GitHub-OTP, X-RateLimit-Limit, X-RateLimit-Remaining, X-RateLimit-Used, X-RateLimit-Reset, X-OAuth-Scopes, X-Accepted-OAuth-Scopes, X-Poll-Interval, X-GitHub-Media-Type, Deprecation, Sunset","access-control-allow-origin":"*","strict-transport-security":"max-age=31536000; includeSubdomains; preload","x-frame-options":"deny","x-content-type-options":"nosniff","x-xss-protection":"1; mode=block","referrer-policy":"origin-when-cross-origin, strict-origin-when-cross-origin","content-security-policy":"default-src 'none'","vary":"Accept-Encoding, Accept, X-Requested-With","x-github-request-id":"CDF3:7E82:21493B5:37EA872:5F8D1CFA"}
[debug] [2020-10-19T04:58:34.935Z] <<< HTTP RESPONSE BODY Not Found {"message":"Not Found","documentation_url":"https://docs.github.com/rest"}
[debug] [2020-10-19T04:58:48.895Z] >>> HTTP REQUEST GET https://api.github.com/repos/Master-project/actions/secrets/public-key?type=owner  
 
[debug] [2020-10-19T04:58:49.109Z] <<< HTTP RESPONSE 404 {"server":"GitHub.com","date":"Mon, 19 Oct 2020 04:58:48 GMT","content-type":"application/json; charset=utf-8","content-length":"74","status":"404 Not Found","x-oauth-scopes":"read:user, repo","x-accepted-oauth-scopes":"repo","x-oauth-client-id":"89cf50f02ac6aaed3484","x-github-media-type":"github.v3","x-ratelimit-limit":"5000","x-ratelimit-remaining":"4992","x-ratelimit-reset":"1603086895","x-ratelimit-used":"8","access-control-expose-headers":"ETag, Link, Location, Retry-After, X-GitHub-OTP, X-RateLimit-Limit, X-RateLimit-Remaining, X-RateLimit-Used, X-RateLimit-Reset, X-OAuth-Scopes, X-Accepted-OAuth-Scopes, X-Poll-Interval, X-GitHub-Media-Type, Deprecation, Sunset","access-control-allow-origin":"*","strict-transport-security":"max-age=31536000; includeSubdomains; preload","x-frame-options":"deny","x-content-type-options":"nosniff","x-xss-protection":"1; mode=block","referrer-policy":"origin-when-cross-origin, strict-origin-when-cross-origin","content-security-policy":"default-src 'none'","vary":"Accept-Encoding, Accept, X-Requested-With","x-github-request-id":"CDFA:1C3C:65C4CEA:AF08C01:5F8D1D08"}
[debug] [2020-10-19T04:58:49.110Z] <<< HTTP RESPONSE BODY Not Found {"message":"Not Found","documentation_url":"https://docs.github.com/rest"}
[debug] [2020-10-19T05:01:19.443Z] >>> HTTP REQUEST GET https://api.github.com/repos/n/actions/secrets/public-key?type=owner  
 
[debug] [2020-10-19T05:01:19.584Z] <<< HTTP RESPONSE 404 {"server":"GitHub.com","date":"Mon, 19 Oct 2020 05:01:19 GMT","content-type":"application/json; charset=utf-8","content-length":"74","status":"404 Not Found","x-oauth-scopes":"read:user, repo","x-accepted-oauth-scopes":"repo","x-oauth-client-id":"89cf50f02ac6aaed3484","x-github-media-type":"github.v3","x-ratelimit-limit":"5000","x-ratelimit-remaining":"4991","x-ratelimit-reset":"1603086895","x-ratelimit-used":"9","access-control-expose-headers":"ETag, Link, Location, Retry-After, X-GitHub-OTP, X-RateLimit-Limit, X-RateLimit-Remaining, X-RateLimit-Used, X-RateLimit-Reset, X-OAuth-Scopes, X-Accepted-OAuth-Scopes, X-Poll-Interval, X-GitHub-Media-Type, Deprecation, Sunset","access-control-allow-origin":"*","strict-transport-security":"max-age=31536000; includeSubdomains; preload","x-frame-options":"deny","x-content-type-options":"nosniff","x-xss-protection":"1; mode=block","referrer-policy":"origin-when-cross-origin, strict-origin-when-cross-origin","content-security-policy":"default-src 'none'","vary":"Accept-Encoding, Accept, X-Requested-With","x-github-request-id":"CE17:5983:22B9C07:3A79AD3:5F8D1D9F"}
[debug] [2020-10-19T05:01:19.584Z] <<< HTTP RESPONSE BODY Not Found {"message":"Not Found","documentation_url":"https://docs.github.com/rest"}
[debug] [2020-10-19T05:01:22.070Z] >>> HTTP REQUEST GET https://api.github.com/repos/No/actions/secrets/public-key?type=owner  
 
[debug] [2020-10-19T05:01:22.250Z] <<< HTTP RESPONSE 404 {"server":"GitHub.com","date":"Mon, 19 Oct 2020 05:01:22 GMT","content-type":"application/json; charset=utf-8","content-length":"74","status":"404 Not Found","x-oauth-scopes":"read:user, repo","x-accepted-oauth-scopes":"repo","x-oauth-client-id":"89cf50f02ac6aaed3484","x-github-media-type":"github.v3","x-ratelimit-limit":"5000","x-ratelimit-remaining":"4990","x-ratelimit-reset":"1603086895","x-ratelimit-used":"10","access-control-expose-headers":"ETag, Link, Location, Retry-After, X-GitHub-OTP, X-RateLimit-Limit, X-RateLimit-Remaining, X-RateLimit-Used, X-RateLimit-Reset, X-OAuth-Scopes, X-Accepted-OAuth-Scopes, X-Poll-Interval, X-GitHub-Media-Type, Deprecation, Sunset","access-control-allow-origin":"*","strict-transport-security":"max-age=31536000; includeSubdomains; preload","x-frame-options":"deny","x-content-type-options":"nosniff","x-xss-protection":"1; mode=block","referrer-policy":"origin-when-cross-origin, strict-origin-when-cross-origin","content-security-policy":"default-src 'none'","vary":"Accept-Encoding, Accept, X-Requested-With","x-github-request-id":"CE18:246E:8CDF2E:1719025:5F8D1DA2"}
[debug] [2020-10-19T05:01:22.250Z] <<< HTTP RESPONSE BODY Not Found {"message":"Not Found","documentation_url":"https://docs.github.com/rest"}
[debug] [2020-10-19T05:01:23.172Z] >>> HTTP REQUEST GET https://api.github.com/repos//actions/secrets/public-key?type=owner  
 
[debug] [2020-10-19T05:01:23.350Z] <<< HTTP RESPONSE 404 {"server":"GitHub.com","date":"Mon, 19 Oct 2020 05:01:23 GMT","content-type":"application/json; charset=utf-8","content-length":"74","status":"404 Not Found","x-oauth-scopes":"read:user, repo","x-accepted-oauth-scopes":"repo","x-oauth-client-id":"89cf50f02ac6aaed3484","x-github-media-type":"github.v3","x-ratelimit-limit":"5000","x-ratelimit-remaining":"4989","x-ratelimit-reset":"1603086895","x-ratelimit-used":"11","access-control-expose-headers":"ETag, Link, Location, Retry-After, X-GitHub-OTP, X-RateLimit-Limit, X-RateLimit-Remaining, X-RateLimit-Used, X-RateLimit-Reset, X-OAuth-Scopes, X-Accepted-OAuth-Scopes, X-Poll-Interval, X-GitHub-Media-Type, Deprecation, Sunset","access-control-allow-origin":"*","strict-transport-security":"max-age=31536000; includeSubdomains; preload","x-frame-options":"deny","x-content-type-options":"nosniff","x-xss-protection":"1; mode=block","referrer-policy":"origin-when-cross-origin, strict-origin-when-cross-origin","content-security-policy":"default-src 'none'","vary":"Accept-Encoding, Accept, X-Requested-With","x-github-request-id":"CE19:7FBD:232C6FA:3A57A43:5F8D1DA3"}
[debug] [2020-10-19T05:01:23.351Z] <<< HTTP RESPONSE BODY Not Found {"message":"Not Found","documentation_url":"https://docs.github.com/rest"}
[debug] [2020-10-19T05:03:12.430Z] ----------------------------------------------------------------------
[debug] [2020-10-19T05:03:12.435Z] Command:       C:\Program Files\nodejs\node.exe C:\Users\HRT\AppData\Roaming\npm\node_modules\firebase-tools\lib\bin\firebase.js init hosting:github
[debug] [2020-10-19T05:03:12.436Z] CLI Version:   8.12.1
[debug] [2020-10-19T05:03:12.436Z] Platform:      win32
[debug] [2020-10-19T05:03:12.436Z] Node Version:  v12.13.0
[debug] [2020-10-19T05:03:12.438Z] Time:          Mon Oct 19 2020 01:03:12 GMT-0400 (GMT-04:00)
[debug] [2020-10-19T05:03:12.438Z] ----------------------------------------------------------------------
[debug] [2020-10-19T05:03:12.439Z] 
[debug] [2020-10-19T05:03:12.448Z] > command requires scopes: ["email","openid","https://www.googleapis.com/auth/cloudplatformprojects.readonly","https://www.googleapis.com/auth/firebase","https://www.googleapis.com/auth/cloud-platform"]
[debug] [2020-10-19T05:03:12.449Z] > authorizing via signed-in user
[info] 
     ######## #### ########  ######## ########     ###     ######  ########
     ##        ##  ##     ## ##       ##     ##  ##   ##  ##       ##
     ######    ##  ########  ######   ########  #########  ######  ######
     ##        ##  ##    ##  ##       ##     ## ##     ##       ## ##
     ##       #### ##     ## ######## ########  ##     ##  ######  ########

You're about to initialize a Firebase project in this directory:

  D:\shuai-website

[info] 
=== Project Setup
[info] 
[info] First, let's associate this project directory with a Firebase project.
[info] You can create multiple project aliases by running firebase use --add, 
[info] but for now we'll just set up a default project.
[info] 
[debug] [2020-10-19T05:03:25.600Z] >>> HTTP REQUEST GET https://firebase.googleapis.com/v1beta1/projects?pageSize=100  
 
[debug] [2020-10-19T05:03:25.894Z] <<< HTTP RESPONSE 200 {"content-type":"application/json; charset=UTF-8","vary":"X-Origin, Referer, Origin,Accept-Encoding","date":"Mon, 19 Oct 2020 05:03:25 GMT","server":"ESF","cache-control":"private","x-xss-protection":"0","x-frame-options":"SAMEORIGIN","x-content-type-options":"nosniff","alt-svc":"h3-Q050=\":443\"; ma=2592000,h3-29=\":443\"; ma=2592000,h3-27=\":443\"; ma=2592000,h3-T051=\":443\"; ma=2592000,h3-T050=\":443\"; ma=2592000,h3-Q046=\":443\"; ma=2592000,h3-Q043=\":443\"; ma=2592000,quic=\":443\"; ma=2592000; v=\"46,43\"","accept-ranges":"none","transfer-encoding":"chunked"}
[info] i  Using project shuaihao-personal-website (shuaihao-personal-website) 
[info] 
=== Hosting:github Setup
[info] 
[info] i  Detected a .git folder at D:\shuai-website 
[info] i  Authorizing with GitHub to upload your service account to a GitHub repository's secrets store. 
[info] 
[info] Visit this URL on this device to log in:
[info] https://github.com/login/oauth/authorize?client_id=89cf50f02ac6aaed3484&state=953843133&redirect_uri=http%3A%2F%2Flocalhost%3A9005&scope=read%3Auser%20repo%20public_repo
[info] 
[info] Waiting for authentication...
[debug] [2020-10-19T05:03:28.629Z] >>> HTTP REQUEST POST https://github.com/login/oauth/access_token  
 {"client_id":"89cf50f02ac6aaed3484","client_secret":"3330d14abc895d9a74d5f17cd7a00711fa2c5bf0","code":"e9b6d9fb06298108d228","redirect_uri":"http://localhost:9005","state":"953843133"}
[debug] [2020-10-19T05:03:29.022Z] <<< HTTP RESPONSE 200 {"server":"GitHub.com","date":"Mon, 19 Oct 2020 05:03:28 GMT","content-type":"application/json; charset=utf-8","transfer-encoding":"chunked","status":"200 OK","vary":"X-PJAX, Accept-Encoding, Accept, X-Requested-With","etag":"W/\"80361d41869987fd3b03ecb4cb89f056\"","cache-control":"max-age=0, private, must-revalidate","strict-transport-security":"max-age=31536000; includeSubdomains; preload","x-frame-options":"deny","x-content-type-options":"nosniff","x-xss-protection":"1; mode=block","referrer-policy":"origin-when-cross-origin, strict-origin-when-cross-origin","expect-ct":"max-age=2592000, report-uri=\"https://api.github.com/_private/browser/errors\"","content-security-policy":"default-src 'none'; base-uri 'self'; block-all-mixed-content; connect-src 'self' uploads.github.com www.githubstatus.com collector.githubapp.com api.github.com www.google-analytics.com github-cloud.s3.amazonaws.com github-production-repository-file-5c1aeb.s3.amazonaws.com github-production-upload-manifest-file-7fdce7.s3.amazonaws.com github-production-user-asset-6210df.s3.amazonaws.com cdn.optimizely.com logx.optimizely.com/v1/events wss://alive.github.com; font-src github.githubassets.com; form-action 'self' github.com gist.github.com; frame-ancestors 'none'; frame-src render.githubusercontent.com; img-src 'self' data: github.githubassets.com identicons.github.com collector.githubapp.com github-cloud.s3.amazonaws.com *.githubusercontent.com; manifest-src 'self'; media-src 'none'; script-src github.githubassets.com; style-src 'unsafe-inline' github.githubassets.com; worker-src github.com/socket-worker.js gist.github.com/socket-worker.js","x-github-request-id":"CE27:34DC:2397F5C:33BDD04:5F8D1E20"}
[debug] [2020-10-19T05:03:29.024Z] >>> HTTP REQUEST GET https://api.github.com/user  
 
[debug] [2020-10-19T05:03:29.230Z] <<< HTTP RESPONSE 200 {"server":"GitHub.com","date":"Mon, 19 Oct 2020 05:03:29 GMT","content-type":"application/json; charset=utf-8","content-length":"1516","status":"200 OK","cache-control":"private, max-age=60, s-maxage=60","vary":"Accept, Authorization, Cookie, X-GitHub-OTP, Accept-Encoding, Accept, X-Requested-With","etag":"\"851d3e1012261e33c484cabf304cf6867e41fb047b755a05f9c446684955e40f\"","last-modified":"Mon, 19 Oct 2020 04:52:33 GMT","x-oauth-scopes":"read:user, repo","x-accepted-oauth-scopes":"","x-oauth-client-id":"89cf50f02ac6aaed3484","x-github-media-type":"github.v3","x-ratelimit-limit":"5000","x-ratelimit-remaining":"4988","x-ratelimit-reset":"1603086895","x-ratelimit-used":"12","access-control-expose-headers":"ETag, Link, Location, Retry-After, X-GitHub-OTP, X-RateLimit-Limit, X-RateLimit-Remaining, X-RateLimit-Used, X-RateLimit-Reset, X-OAuth-Scopes, X-Accepted-OAuth-Scopes, X-Poll-Interval, X-GitHub-Media-Type, Deprecation, Sunset","access-control-allow-origin":"*","strict-transport-security":"max-age=31536000; includeSubdomains; preload","x-frame-options":"deny","x-content-type-options":"nosniff","x-xss-protection":"1; mode=block","referrer-policy":"origin-when-cross-origin, strict-origin-when-cross-origin","content-security-policy":"default-src 'none'","x-github-request-id":"EF2F:4364:1FB2BB3:358011D:5F8D1E20"}
[info] 
[info] +  Success! Logged into GitHub as haoshuai999 
[info] 
[debug] [2020-10-19T05:03:44.645Z] >>> HTTP REQUEST GET https://api.github.com/repos/new-personal-website/actions/secrets/public-key?type=owner  
 
[debug] [2020-10-19T05:03:44.856Z] <<< HTTP RESPONSE 404 {"server":"GitHub.com","date":"Mon, 19 Oct 2020 05:03:44 GMT","content-type":"application/json; charset=utf-8","content-length":"74","status":"404 Not Found","x-oauth-scopes":"read:user, repo","x-accepted-oauth-scopes":"repo","x-oauth-client-id":"89cf50f02ac6aaed3484","x-github-media-type":"github.v3","x-ratelimit-limit":"5000","x-ratelimit-remaining":"4987","x-ratelimit-reset":"1603086895","x-ratelimit-used":"13","access-control-expose-headers":"ETag, Link, Location, Retry-After, X-GitHub-OTP, X-RateLimit-Limit, X-RateLimit-Remaining, X-RateLimit-Used, X-RateLimit-Reset, X-OAuth-Scopes, X-Accepted-OAuth-Scopes, X-Poll-Interval, X-GitHub-Media-Type, Deprecation, Sunset","access-control-allow-origin":"*","strict-transport-security":"max-age=31536000; includeSubdomains; preload","x-frame-options":"deny","x-content-type-options":"nosniff","x-xss-protection":"1; mode=block","referrer-policy":"origin-when-cross-origin, strict-origin-when-cross-origin","content-security-policy":"default-src 'none'","vary":"Accept-Encoding, Accept, X-Requested-With","x-github-request-id":"CE33:5D13:22B33E7:3B0E630:5F8D1E30"}
[debug] [2020-10-19T05:03:44.856Z] <<< HTTP RESPONSE BODY Not Found {"message":"Not Found","documentation_url":"https://docs.github.com/rest"}
